0 info it worked if it ends with ok
1 verbose cli [ '/Users/johnlin/.nvm/versions/node/v6.10.2/bin/node',
1 verbose cli   '/Users/johnlin/.nvm/versions/node/v6.10.2/bin/npm',
1 verbose cli   'run',
1 verbose cli   'dev' ]
2 info using npm@3.10.10
3 info using node@v6.10.2
4 verbose run-script [ 'predev', 'dev', 'postdev' ]
5 info lifecycle fundamental-java-slide@1.0.0~predev: fundamental-java-slide@1.0.0
6 silly lifecycle fundamental-java-slide@1.0.0~predev: no script for predev, continuing
7 info lifecycle fundamental-java-slide@1.0.0~dev: fundamental-java-slide@1.0.0
8 verbose lifecycle fundamental-java-slide@1.0.0~dev: unsafe-perm in lifecycle true
9 verbose lifecycle fundamental-java-slide@1.0.0~dev: PATH: /Users/johnlin/.nvm/versions/node/v6.10.2/lib/node_modules/npm/bin/node-gyp-bin:/Users/johnlin/Documents/Profyu/java/fundamental-java/slides/node_modules/.bin:/usr/local/opt/qt/bin:/Users/johnlin/.fastlane/bin:/Users/johnlin/perl5/perlbrew/bin:/Users/johnlin/perl5/perlbrew/perls/perl-5.16.0/bin:/Users/johnlin/.nvm/versions/node/v6.10.2/bin:/usr/local/mysql/bin:/opt/restdown/bin:/opt/apache-maven-3.3.9/bin:/usr/local/bin:/usr/local/bin:/usr/bin:/bin:/usr/sbin:/sbin:/Library/TeX/texbin:/usr/local/share/dotnet:/opt/X11/bin:/Library/Frameworks/Mono.framework/Versions/Current/Commands:/Applications/Xamarin Workbooks.app/Contents/SharedSupport/path-bin:/usr/local/opt/qt/bin:/Users/johnlin/.fastlane/bin:/usr/local/mysql/bin:/opt/restdown/bin:/opt/apache-maven-3.3.9/bin:/Users/johnlin/Documents/IoTImpl/OpenDDS/ACE_wrappers/bin:/Users/johnlin/Documents/IoTImpl/OpenDDS/bin:/usr/local/opt/go/libexec/bin:/Users/johnlin/.go/bin:/Users/johnlin/Documents/IoTImpl/OpenDDS/ACE_wrappers/bin:/Users/johnlin/Documents/IoTImpl/OpenDDS/bin:/usr/local/opt/go/libexec/bin:/Users/johnlin/.go/bin
10 verbose lifecycle fundamental-java-slide@1.0.0~dev: CWD: /Users/johnlin/Documents/Profyu/java/fundamental-java/slides
11 silly lifecycle fundamental-java-slide@1.0.0~dev: Args: [ '-c',
11 silly lifecycle   'reveal-md --theme profyu --highlight-theme monokai-sublime -w --scripts ./scripts/logo.js' ]
12 silly lifecycle fundamental-java-slide@1.0.0~dev: Returned: code: 1  signal: null
13 info lifecycle fundamental-java-slide@1.0.0~dev: Failed to exec dev script
14 verbose stack Error: fundamental-java-slide@1.0.0 dev: `reveal-md --theme profyu --highlight-theme monokai-sublime -w --scripts ./scripts/logo.js`
14 verbose stack Exit status 1
14 verbose stack     at EventEmitter.<anonymous> (/Users/johnlin/.nvm/versions/node/v6.10.2/lib/node_modules/npm/lib/utils/lifecycle.js:255:16)
14 verbose stack     at emitTwo (events.js:106:13)
14 verbose stack     at EventEmitter.emit (events.js:191:7)
14 verbose stack     at ChildProcess.<anonymous> (/Users/johnlin/.nvm/versions/node/v6.10.2/lib/node_modules/npm/lib/utils/spawn.js:40:14)
14 verbose stack     at emitTwo (events.js:106:13)
14 verbose stack     at ChildProcess.emit (events.js:191:7)
14 verbose stack     at maybeClose (internal/child_process.js:886:16)
14 verbose stack     at Process.ChildProcess._handle.onexit (internal/child_process.js:226:5)
15 verbose pkgid fundamental-java-slide@1.0.0
16 verbose cwd /Users/johnlin/Documents/Profyu/java/fundamental-java/slides
17 error Darwin 17.5.0
18 error argv "/Users/johnlin/.nvm/versions/node/v6.10.2/bin/node" "/Users/johnlin/.nvm/versions/node/v6.10.2/bin/npm" "run" "dev"
19 error node v6.10.2
20 error npm  v3.10.10
21 error code ELIFECYCLE
22 error fundamental-java-slide@1.0.0 dev: `reveal-md --theme profyu --highlight-theme monokai-sublime -w --scripts ./scripts/logo.js`
22 error Exit status 1
23 error Failed at the fundamental-java-slide@1.0.0 dev script 'reveal-md --theme profyu --highlight-theme monokai-sublime -w --scripts ./scripts/logo.js'.
23 error Make sure you have the latest version of node.js and npm installed.
23 error If you do, this is most likely a problem with the fundamental-java-slide package,
23 error not with npm itself.
23 error Tell the author that this fails on your system:
23 error     reveal-md --theme profyu --highlight-theme monokai-sublime -w --scripts ./scripts/logo.js
23 error You can get information on how to open an issue for this project with:
23 error     npm bugs fundamental-java-slide
23 error Or if that isn't available, you can get their info via:
23 error     npm owner ls fundamental-java-slide
23 error There is likely additional logging output above.
24 verbose exit [ 1, true ]
